  [1m[35m (2.9ms)[0m  [1m[34mSELECT sqlite_version(*)[0m
  [1m[35m (1.3ms)[0m  [1m[35mCREATE TABLE "schema_migrations" ("version" varchar NOT NULL PRIMARY KEY)[0m
  [1m[35m (0.6ms)[0m  [1m[35mCREATE TABLE "ar_internal_metadata" ("key" varchar NOT NULL PRIMARY KEY, "value" varchar, "created_at" datetime(6) NOT NULL, "updated_at" datetime(6) NOT NULL)[0m
  [1m[35m (0.1ms)[0m  [1m[34mSELECT "schema_migrations"."version" FROM "schema_migrations" ORDER BY "schema_migrations"."version" ASC[0m
Migrating to DeviseCreateAdmins (20220502133825)
  [1m[36mTRANSACTION (0.1ms)[0m  [1m[36mbegin transaction[0m
  [1m[35m (0.4ms)[0m  [1m[35mCREATE TABLE "admins" ("id" integer PRIMARY KEY AUTOINCREMENT NOT NULL, "email" varchar DEFAULT '' NOT NULL, "encrypted_password" varchar DEFAULT '' NOT NULL, "reset_password_token" varchar, "reset_password_sent_at" datetime, "remember_created_at" datetime, "created_at" datetime(6) NOT NULL, "updated_at" datetime(6) NOT NULL)[0m
  [1m[35m (0.2ms)[0m  [1m[35mCREATE UNIQUE INDEX "index_admins_on_email" ON "admins" ("email")[0m
  [1m[35m (0.2ms)[0m  [1m[35mCREATE UNIQUE INDEX "index_admins_on_reset_password_token" ON "admins" ("reset_password_token")[0m
  [1m[36mActiveRecord::SchemaMigration Create (0.5ms)[0m  [1m[32mINSERT INTO "schema_migrations" ("version") VALUES (?)[0m  [["version", "20220502133825"]]
  [1m[36mTRANSACTION (0.6ms)[0m  [1m[36mcommit transaction[0m
Migrating to DeviseCreateCustomers (20220502133837)
  [1m[36mTRANSACTION (0.1ms)[0m  [1m[36mbegin transaction[0m
  [1m[35m (0.4ms)[0m  [1m[35mCREATE TABLE "customers" ("id" integer PRIMARY KEY AUTOINCREMENT NOT NULL, "email" varchar DEFAULT '' NOT NULL, "encrypted_password" varchar DEFAULT '' NOT NULL, "reset_password_token" varchar, "reset_password_sent_at" datetime, "remember_created_at" datetime, "last_name" varchar, "first_name" varchar, "last_name_kana" varchar, "first_name_kana" varchar, "postal_code" varchar, "address" varchar, "telephone_number" varchar, "is_deleted" boolean DEFAULT 0, "created_at" datetime(6) NOT NULL, "updated_at" datetime(6) NOT NULL)[0m
  [1m[35m (0.1ms)[0m  [1m[35mCREATE UNIQUE INDEX "index_customers_on_email" ON "customers" ("email")[0m
  [1m[35m (0.2ms)[0m  [1m[35mCREATE UNIQUE INDEX "index_customers_on_reset_password_token" ON "customers" ("reset_password_token")[0m
  [1m[36mActiveRecord::SchemaMigration Create (0.2ms)[0m  [1m[32mINSERT INTO "schema_migrations" ("version") VALUES (?)[0m  [["version", "20220502133837"]]
  [1m[36mTRANSACTION (0.8ms)[0m  [1m[36mcommit transaction[0m
  [1m[36mActiveRecord::InternalMetadata Load (1.3ms)[0m  [1m[34mSELECT "ar_internal_metadata".* FROM "ar_internal_metadata" WHERE "ar_internal_metadata"."key" = ? LIMIT ?[0m  [["key", "environment"], ["LIMIT", 1]]
  [1m[36mTRANSACTION (0.1ms)[0m  [1m[36mbegin transaction[0m
  [1m[36mActiveRecord::InternalMetadata Create (0.4ms)[0m  [1m[32mINSERT INTO "ar_internal_metadata" ("key", "value", "created_at", "updated_at") VALUES (?, ?, ?, ?)[0m  [["key", "environment"], ["value", "development"], ["created_at", "2022-05-03 13:00:02.511742"], ["updated_at", "2022-05-03 13:00:02.511742"]]
  [1m[36mTRANSACTION (0.5ms)[0m  [1m[36mcommit transaction[0m
  [1m[35m (0.0ms)[0m  [1m[34mSELECT sqlite_version(*)[0m
  [1m[35m (0.1ms)[0m  [1m[34mSELECT "schema_migrations"."version" FROM "schema_migrations" ORDER BY "schema_migrations"."version" ASC[0m
  [1m[35m (1.5ms)[0m  [1m[34mSELECT sqlite_version(*)[0m
  [1m[35m (0.1ms)[0m  [1m[34mSELECT "schema_migrations"."version" FROM "schema_migrations" ORDER BY "schema_migrations"."version" ASC[0m
  [1m[35m (0.1ms)[0m  [1m[34mSELECT sqlite_version(*)[0m
  [1m[36mTRANSACTION (0.1ms)[0m  [1m[36mbegin transaction[0m
  [1m[36mAdmin Exists? (0.9ms)[0m  [1m[34mSELECT 1 AS one FROM "admins" WHERE "admins"."email" = ? LIMIT ?[0m  [["email", "admin@admin"], ["LIMIT", 1]]
  [1m[36mAdmin Create (0.4ms)[0m  [1m[32mINSERT INTO "admins" ("email", "encrypted_password", "created_at", "updated_at") VALUES (?, ?, ?, ?)[0m  [["email", "admin@admin"], ["encrypted_password", "$2a$12$CtjPVVreOvREGGZMwNg6POk0CxmIMwiBDF3kerTKAx344fFXLuv/6"], ["created_at", "2022-05-03 13:00:07.896623"], ["updated_at", "2022-05-03 13:00:07.896623"]]
  [1m[36mTRANSACTION (0.5ms)[0m  [1m[36mcommit transaction[0m
Started GET "/" for 127.0.0.1 at 2022-05-03 22:00:12 +0900
  [1m[35m (0.6ms)[0m  [1m[34mSELECT sqlite_version(*)[0m
  [1m[35m (0.1ms)[0m  [1m[34mSELECT "schema_migrations"."version" FROM "schema_migrations" ORDER BY "schema_migrations"."version" ASC[0m
Processing by Public::HomesController#top as HTML
  Rendering layout layouts/application.html.erb
  Rendering public/homes/top.html.erb within layouts/application
  Rendered public/homes/top.html.erb within layouts/application (Duration: 1.8ms | Allocations: 411)
[Webpacker] Compiling...
[Webpacker] Compiled all packs in /Users/ryohei/Projects/github/Cake_Shop/public/packs
[Webpacker] Hash: 2034dd941d5476d8645c
Version: webpack 4.46.0
Time: 3001ms
Built at: 2022/05/03 22:00:18
                                     Asset       Size       Chunks                         Chunk Names
    js/application-3dd0dc24d9c39bc09227.js    125 KiB  application  [emitted] [immutable]  application
js/application-3dd0dc24d9c39bc09227.js.map    139 KiB  application  [emitted] [dev]        application
                             manifest.json  364 bytes               [emitted]              
Entrypoint application = js/application-3dd0dc24d9c39bc09227.js js/application-3dd0dc24d9c39bc09227.js.map
[./app/javascript/channels sync recursive _channel\.js$] ./app/javascript/channels sync _channel\.js$ 160 bytes {application} [built]
[./app/javascript/channels/index.js] 211 bytes {application} [built]
[./app/javascript/packs/application.js] 492 bytes {application} [built]
[./node_modules/webpack/buildin/module.js] (webpack)/buildin/module.js 552 bytes {application} [built]
    + 3 hidden modules

  Rendered layouts/_header.html.erb (Duration: 4.6ms | Allocations: 682)
  Rendered layout layouts/application.html.erb (Duration: 5639.8ms | Allocations: 40352)
Completed 200 OK in 5666ms (Views: 5645.4ms | ActiveRecord: 0.0ms | Allocations: 47836)


Started GET "/customer/sign_in" for 127.0.0.1 at 2022-05-03 22:00:20 +0900
Processing by Public::SessionsController#new as HTML
  Rendering layout layouts/application.html.erb
  Rendering public/sessions/new.html.erb within layouts/application
  Rendered public/shared/_links.html.erb (Duration: 0.9ms | Allocations: 320)
  Rendered public/sessions/new.html.erb within layouts/application (Duration: 24.0ms | Allocations: 9073)
[Webpacker] Everything's up-to-date. Nothing to do
  Rendered layouts/_header.html.erb (Duration: 0.4ms | Allocations: 210)
  Rendered layout layouts/application.html.erb (Duration: 30.4ms | Allocations: 13623)
Completed 200 OK in 50ms (Views: 33.5ms | ActiveRecord: 0.7ms | Allocations: 25400)


Started GET "/customer/sign_up" for 127.0.0.1 at 2022-05-03 22:00:21 +0900
Processing by Public::RegistrationsController#new as HTML
  Rendering layout layouts/application.html.erb
  Rendering public/registrations/new.html.erb within layouts/application
  Rendered public/shared/_error_messages.html.erb (Duration: 0.9ms | Allocations: 319)
  Rendered public/shared/_links.html.erb (Duration: 0.3ms | Allocations: 139)
  Rendered public/registrations/new.html.erb within layouts/application (Duration: 4.4ms | Allocations: 2328)
[Webpacker] Everything's up-to-date. Nothing to do
  Rendered layouts/_header.html.erb (Duration: 0.4ms | Allocations: 207)
  Rendered layout layouts/application.html.erb (Duration: 10.2ms | Allocations: 6813)
Completed 200 OK in 14ms (Views: 13.4ms | ActiveRecord: 0.0ms | Allocations: 8887)


Started GET "/" for 127.0.0.1 at 2022-05-03 22:00:21 +0900
Processing by Public::HomesController#top as HTML
  Rendering layout layouts/application.html.erb
  Rendering public/homes/top.html.erb within layouts/application
  Rendered public/homes/top.html.erb within layouts/application (Duration: 0.2ms | Allocations: 38)
[Webpacker] Everything's up-to-date. Nothing to do
  Rendered layouts/_header.html.erb (Duration: 0.9ms | Allocations: 248)
  Rendered layout layouts/application.html.erb (Duration: 16.0ms | Allocations: 5161)
Completed 200 OK in 18ms (Views: 17.0ms | ActiveRecord: 0.0ms | Allocations: 5546)


Started GET "/customer/sign_up" for 127.0.0.1 at 2022-05-03 22:00:22 +0900
Processing by Public::RegistrationsController#new as HTML
  Rendering layout layouts/application.html.erb
  Rendering public/registrations/new.html.erb within layouts/application
  Rendered public/shared/_error_messages.html.erb (Duration: 1.3ms | Allocations: 43)
  Rendered public/shared/_links.html.erb (Duration: 0.3ms | Allocations: 94)
  Rendered public/registrations/new.html.erb within layouts/application (Duration: 7.6ms | Allocations: 1239)
[Webpacker] Everything's up-to-date. Nothing to do
  Rendered layouts/_header.html.erb (Duration: 1.3ms | Allocations: 203)
  Rendered layout layouts/application.html.erb (Duration: 26.2ms | Allocations: 5872)
Completed 200 OK in 30ms (Views: 29.0ms | ActiveRecord: 0.0ms | Allocations: 6863)


Started POST "/customer" for 127.0.0.1 at 2022-05-03 22:00:41 +0900
Processing by Public::RegistrationsController#create as HTML
  Parameters: {"authenticity_token"=>"[FILTERED]", "customer"=>{"last_name"=>"1", "first_name"=>"1", "last_name_kana"=>"1", "first_name_kana"=>"1", "email"=>"1@1", "postal_code"=>"1", "address"=>"1", "telephone_number"=>"1", "password"=>"[FILTERED]"}, "commit"=>"æ–°è¦ç™»éŒ²"}
  [1m[36mTRANSACTION (0.1ms)[0m  [1m[36mbegin transaction[0m
  [1m[36mCustomer Exists? (1.0ms)[0m  [1m[34mSELECT 1 AS one FROM "customers" WHERE "customers"."email" = ? LIMIT ?[0m  [["email", "1@1"], ["LIMIT", 1]]
  [1m[36mCustomer Create (0.6ms)[0m  [1m[32mINSERT INTO "customers" ("email", "encrypted_password", "last_name", "first_name", "last_name_kana", "first_name_kana", "postal_code", "address", "telephone_number", "created_at", "updated_at") VALUES (?, ?, ?, ?, ?, ?, ?, ?, ?, ?, ?)[0m  [["email", "1@1"], ["encrypted_password", "$2a$12$U/yymNq7WguDtQZ.c45ZPOeeN7TUf6tvP.VoFLewyvBMzGdiVbWWu"], ["last_name", "1"], ["first_name", "1"], ["last_name_kana", "1"], ["first_name_kana", "1"], ["postal_code", "1"], ["address", "1"], ["telephone_number", "1"], ["created_at", "2022-05-03 13:00:42.096267"], ["updated_at", "2022-05-03 13:00:42.096267"]]
  [1m[36mTRANSACTION (0.6ms)[0m  [1m[36mcommit transaction[0m
Redirected to http://127.0.0.1:3000/customer/mypage
Completed 302 Found in 496ms (ActiveRecord: 2.2ms | Allocations: 11343)


Started GET "/customer/mypage" for 127.0.0.1 at 2022-05-03 22:00:42 +0900
Processing by Public::CustomersController#show as HTML
  [1m[36mCustomer Load (0.3ms)[0m  [1m[34mSELECT "customers".* FROM "customers" WHERE "customers"."id" = ? ORDER BY "customers"."id" ASC LIMIT ?[0m  [["id", 1], ["LIMIT", 1]]
  â†³ app/controllers/public/customers_controller.rb:4:in `show'
  Rendering layout layouts/application.html.erb
  Rendering public/customers/show.html.erb within layouts/application
  Rendered public/customers/show.html.erb within layouts/application (Duration: 1.0ms | Allocations: 468)
[Webpacker] Everything's up-to-date. Nothing to do
  Rendered layouts/_header.html.erb (Duration: 0.6ms | Allocations: 209)
  Rendered layout layouts/application.html.erb (Duration: 7.4ms | Allocations: 4943)
Completed 200 OK in 12ms (Views: 8.5ms | ActiveRecord: 0.3ms | Allocations: 6868)


Started GET "/customer/information/edit" for 127.0.0.1 at 2022-05-03 22:00:46 +0900
Processing by Public::CustomersController#edit as HTML
  [1m[36mCustomer Load (0.3ms)[0m  [1m[34mSELECT "customers".* FROM "customers" WHERE "customers"."id" = ? ORDER BY "customers"."id" ASC LIMIT ?[0m  [["id", 1], ["LIMIT", 1]]
  â†³ app/controllers/public/customers_controller.rb:8:in `edit'
  Rendering layout layouts/application.html.erb
  Rendering public/customers/edit.html.erb within layouts/application
  Rendered layouts/_error_messages.html.erb (Duration: 1.9ms | Allocations: 207)
  Rendered public/customers/edit.html.erb within layouts/application (Duration: 10.3ms | Allocations: 1772)
[Webpacker] Everything's up-to-date. Nothing to do
  Rendered layouts/_header.html.erb (Duration: 0.7ms | Allocations: 207)
  Rendered layout layouts/application.html.erb (Duration: 21.0ms | Allocations: 6243)
Completed 200 OK in 31ms (Views: 22.6ms | ActiveRecord: 0.3ms | Allocations: 8102)


Started GET "/customers/unsubscribe" for 127.0.0.1 at 2022-05-03 22:00:47 +0900
Processing by Public::CustomersController#unsubscribe as HTML
  Rendering layout layouts/application.html.erb
  Rendering public/customers/unsubscribe.html.erb within layouts/application
  Rendered public/customers/unsubscribe.html.erb within layouts/application (Duration: 3.0ms | Allocations: 693)
[Webpacker] Everything's up-to-date. Nothing to do
  [1m[36mCustomer Load (0.2ms)[0m  [1m[34mSELECT "customers".* FROM "customers" WHERE "customers"."id" = ? ORDER BY "customers"."id" ASC LIMIT ?[0m  [["id", 1], ["LIMIT", 1]]
  â†³ app/views/layouts/_header.html.erb:8
  Rendered layouts/_header.html.erb (Duration: 3.7ms | Allocations: 1117)
  Rendered layout layouts/application.html.erb (Duration: 22.1ms | Allocations: 6193)
Completed 200 OK in 25ms (Views: 22.9ms | ActiveRecord: 0.2ms | Allocations: 6749)


Started PATCH "/customers/withdraw" for 127.0.0.1 at 2022-05-03 22:00:49 +0900
Processing by Public::CustomersController#withdraw as HTML
  Parameters: {"authenticity_token"=>"[FILTERED]"}
  [1m[36mCustomer Load (0.3ms)[0m  [1m[34mSELECT "customers".* FROM "customers" WHERE "customers"."id" = ? ORDER BY "customers"."id" ASC LIMIT ?[0m  [["id", 1], ["LIMIT", 1]]
  â†³ app/controllers/public/customers_controller.rb:25:in `withdraw'
  [1m[36mTRANSACTION (0.1ms)[0m  [1m[36mbegin transaction[0m
  â†³ app/controllers/public/customers_controller.rb:26:in `withdraw'
  [1m[36mCustomer Update (0.9ms)[0m  [1m[33mUPDATE "customers" SET "is_deleted" = ?, "updated_at" = ? WHERE "customers"."id" = ?[0m  [["is_deleted", 1], ["updated_at", "2022-05-03 13:00:49.676424"], ["id", 1]]
  â†³ app/controllers/public/customers_controller.rb:26:in `withdraw'
  [1m[36mTRANSACTION (1.8ms)[0m  [1m[36mcommit transaction[0m
  â†³ app/controllers/public/customers_controller.rb:26:in `withdraw'
Redirected to http://127.0.0.1:3000/
Completed 302 Found in 21ms (ActiveRecord: 3.1ms | Allocations: 3429)


Started GET "/" for 127.0.0.1 at 2022-05-03 22:00:49 +0900
Processing by Public::HomesController#top as HTML
  Rendering layout layouts/application.html.erb
  Rendering public/homes/top.html.erb within layouts/application
  Rendered public/homes/top.html.erb within layouts/application (Duration: 0.1ms | Allocations: 38)
[Webpacker] Everything's up-to-date. Nothing to do
  Rendered layouts/_header.html.erb (Duration: 0.6ms | Allocations: 248)
  Rendered layout layouts/application.html.erb (Duration: 9.3ms | Allocations: 4557)
Completed 200 OK in 11ms (Views: 9.9ms | ActiveRecord: 0.0ms | Allocations: 4938)


Started GET "/admin/sign_in" for 127.0.0.1 at 2022-05-03 22:00:57 +0900
Processing by Admin::SessionsController#new as HTML
  Rendering layout layouts/application.html.erb
  Rendering admin/sessions/new.html.erb within layouts/application
  Rendered admin/shared/_links.html.erb (Duration: 0.5ms | Allocations: 168)
  Rendered admin/sessions/new.html.erb within layouts/application (Duration: 3.8ms | Allocations: 1634)
[Webpacker] Everything's up-to-date. Nothing to do
  Rendered layouts/_header.html.erb (Duration: 0.5ms | Allocations: 211)
  Rendered layout layouts/application.html.erb (Duration: 18.6ms | Allocations: 6117)
Completed 200 OK in 28ms (Views: 20.4ms | ActiveRecord: 0.3ms | Allocations: 11058)


Started GET "/admin/sign_in" for 127.0.0.1 at 2022-05-03 22:00:59 +0900
Processing by Admin::SessionsController#new as HTML
  Rendering layout layouts/application.html.erb
  Rendering admin/sessions/new.html.erb within layouts/application
  Rendered admin/shared/_links.html.erb (Duration: 0.2ms | Allocations: 42)
  Rendered admin/sessions/new.html.erb within layouts/application (Duration: 2.1ms | Allocations: 917)
[Webpacker] Everything's up-to-date. Nothing to do
  Rendered layouts/_header.html.erb (Duration: 0.4ms | Allocations: 202)
  Rendered layout layouts/application.html.erb (Duration: 8.7ms | Allocations: 5428)
Completed 200 OK in 10ms (Views: 9.3ms | ActiveRecord: 0.0ms | Allocations: 6029)


Started POST "/admin/sign_in" for 127.0.0.1 at 2022-05-03 22:01:09 +0900
Processing by Admin::SessionsController#create as HTML
  Parameters: {"authenticity_token"=>"[FILTERED]", "admin"=>{"email"=>"admin@admin", "password"=>"[FILTERED]", "remember_me"=>"0"}, "commit"=>"Log in"}
  [1m[36mAdmin Load (0.5ms)[0m  [1m[34mSELECT "admins".* FROM "admins" WHERE "admins"."email" = ? ORDER BY "admins"."id" ASC LIMIT ?[0m  [["email", "admin@admin"], ["LIMIT", 1]]
Redirected to http://127.0.0.1:3000/admin/top
Completed 302 Found in 452ms (ActiveRecord: 0.5ms | Allocations: 3283)


Started GET "/admin/top" for 127.0.0.1 at 2022-05-03 22:01:09 +0900
Processing by Admin::HomesController#top as HTML
  Rendering layout layouts/application.html.erb
  Rendering admin/homes/top.html.erb within layouts/application
  Rendered admin/homes/top.html.erb within layouts/application (Duration: 0.5ms | Allocations: 118)
[Webpacker] Everything's up-to-date. Nothing to do
  [1m[36mAdmin Load (0.2ms)[0m  [1m[34mSELECT "admins".* FROM "admins" WHERE "admins"."id" = ? ORDER BY "admins"."id" ASC LIMIT ?[0m  [["id", 1], ["LIMIT", 1]]
  â†³ app/views/layouts/_header.html.erb:1
  Rendered layouts/_header.html.erb (Duration: 2.8ms | Allocations: 1097)
  Rendered layout layouts/application.html.erb (Duration: 9.0ms | Allocations: 5486)
Completed 200 OK in 11ms (Views: 10.0ms | ActiveRecord: 0.2ms | Allocations: 6478)


Started GET "/" for 127.0.0.1 at 2022-05-03 22:01:10 +0900
Processing by Public::HomesController#top as HTML
  Rendering layout layouts/application.html.erb
  Rendering public/homes/top.html.erb within layouts/application
  Rendered public/homes/top.html.erb within layouts/application (Duration: 0.2ms | Allocations: 38)
[Webpacker] Everything's up-to-date. Nothing to do
  [1m[36mAdmin Load (0.2ms)[0m  [1m[34mSELECT "admins".* FROM "admins" WHERE "admins"."id" = ? ORDER BY "admins"."id" ASC LIMIT ?[0m  [["id", 1], ["LIMIT", 1]]
  â†³ app/views/layouts/_header.html.erb:1
  Rendered layouts/_header.html.erb (Duration: 4.4ms | Allocations: 1077)
  Rendered layout layouts/application.html.erb (Duration: 19.4ms | Allocations: 5501)
Completed 200 OK in 22ms (Views: 21.0ms | ActiveRecord: 0.2ms | Allocations: 6366)


Started GET "/" for 127.0.0.1 at 2022-05-03 22:01:11 +0900
Processing by Public::HomesController#top as HTML
  Rendering layout layouts/application.html.erb
  Rendering public/homes/top.html.erb within layouts/application
  Rendered public/homes/top.html.erb within layouts/application (Duration: 0.2ms | Allocations: 38)
[Webpacker] Everything's up-to-date. Nothing to do
  [1m[36mAdmin Load (0.2ms)[0m  [1m[34mSELECT "admins".* FROM "admins" WHERE "admins"."id" = ? ORDER BY "admins"."id" ASC LIMIT ?[0m  [["id", 1], ["LIMIT", 1]]
  â†³ app/views/layouts/_header.html.erb:1
  Rendered layouts/_header.html.erb (Duration: 5.9ms | Allocations: 1069)
  Rendered layout layouts/application.html.erb (Duration: 17.0ms | Allocations: 5370)
Completed 200 OK in 19ms (Views: 17.6ms | ActiveRecord: 0.2ms | Allocations: 5766)


Started GET "/admin/customers" for 127.0.0.1 at 2022-05-03 22:01:11 +0900
Processing by Admin::CustomersController#index as HTML
  Rendering layout layouts/application.html.erb
  Rendering admin/customers/index.html.erb within layouts/application
  [1m[36mCustomer Load (0.3ms)[0m  [1m[34mSELECT "customers".* FROM "customers"[0m
  â†³ app/views/admin/customers/index.html.erb:11
  Rendered admin/customers/index.html.erb within layouts/application (Duration: 4.0ms | Allocations: 1025)
[Webpacker] Everything's up-to-date. Nothing to do
  [1m[36mAdmin Load (0.2ms)[0m  [1m[34mSELECT "admins".* FROM "admins" WHERE "admins"."id" = ? ORDER BY "admins"."id" ASC LIMIT ?[0m  [["id", 1], ["LIMIT", 1]]
  â†³ app/views/layouts/_header.html.erb:1
  Rendered layouts/_header.html.erb (Duration: 3.4ms | Allocations: 1072)
  Rendered layout layouts/application.html.erb (Duration: 15.9ms | Allocations: 6477)
Completed 200 OK in 20ms (Views: 17.5ms | ActiveRecord: 0.5ms | Allocations: 7944)


Started GET "/" for 127.0.0.1 at 2022-05-03 22:01:11 +0900
Processing by Public::HomesController#top as HTML
  Rendering layout layouts/application.html.erb
  Rendering public/homes/top.html.erb within layouts/application
  Rendered public/homes/top.html.erb within layouts/application (Duration: 0.1ms | Allocations: 38)
[Webpacker] Everything's up-to-date. Nothing to do
  [1m[36mAdmin Load (0.2ms)[0m  [1m[34mSELECT "admins".* FROM "admins" WHERE "admins"."id" = ? ORDER BY "admins"."id" ASC LIMIT ?[0m  [["id", 1], ["LIMIT", 1]]
  â†³ app/views/layouts/_header.html.erb:1
  Rendered layouts/_header.html.erb (Duration: 5.5ms | Allocations: 1075)
  Rendered layout layouts/application.html.erb (Duration: 19.8ms | Allocations: 5990)
Completed 200 OK in 22ms (Views: 20.8ms | ActiveRecord: 0.2ms | Allocations: 6387)


Started GET "/admin/customers" for 127.0.0.1 at 2022-05-03 22:01:12 +0900
Processing by Admin::CustomersController#index as HTML
  Rendering layout layouts/application.html.erb
  Rendering admin/customers/index.html.erb within layouts/application
  [1m[36mCustomer Load (0.2ms)[0m  [1m[34mSELECT "customers".* FROM "customers"[0m
  â†³ app/views/admin/customers/index.html.erb:11
  Rendered admin/customers/index.html.erb within layouts/application (Duration: 4.2ms | Allocations: 701)
[Webpacker] Everything's up-to-date. Nothing to do
  [1m[36mAdmin Load (0.2ms)[0m  [1m[34mSELECT "admins".* FROM "admins" WHERE "admins"."id" = ? ORDER BY "admins"."id" ASC LIMIT ?[0m  [["id", 1], ["LIMIT", 1]]
  â†³ app/views/layouts/_header.html.erb:1
  Rendered layouts/_header.html.erb (Duration: 4.7ms | Allocations: 1062)
  Rendered layout layouts/application.html.erb (Duration: 25.9ms | Allocations: 6648)
Completed 200 OK in 28ms (Views: 26.5ms | ActiveRecord: 0.4ms | Allocations: 7057)


Started DELETE "/admin/sign_out" for 127.0.0.1 at 2022-05-03 22:01:13 +0900
Processing by Admin::SessionsController#destroy as HTML
  Parameters: {"authenticity_token"=>"[FILTERED]"}
  [1m[36mAdmin Load (0.2ms)[0m  [1m[34mSELECT "admins".* FROM "admins" WHERE "admins"."id" = ? ORDER BY "admins"."id" ASC LIMIT ?[0m  [["id", 1], ["LIMIT", 1]]
Redirected to http://127.0.0.1:3000/admin/sign_in
Completed 302 Found in 24ms (ActiveRecord: 0.2ms | Allocations: 4573)


Started GET "/admin/sign_in" for 127.0.0.1 at 2022-05-03 22:01:13 +0900
Processing by Admin::SessionsController#new as HTML
  Rendering layout layouts/application.html.erb
  Rendering admin/sessions/new.html.erb within layouts/application
  Rendered admin/shared/_links.html.erb (Duration: 0.1ms | Allocations: 42)
  Rendered admin/sessions/new.html.erb within layouts/application (Duration: 2.1ms | Allocations: 925)
[Webpacker] Everything's up-to-date. Nothing to do
  Rendered layouts/_header.html.erb (Duration: 0.5ms | Allocations: 210)
  Rendered layout layouts/application.html.erb (Duration: 10.4ms | Allocations: 5445)
Completed 200 OK in 12ms (Views: 11.1ms | ActiveRecord: 0.0ms | Allocations: 6051)


